\BOOKMARK [1][-]{section.1}{Preface}{}% 1
\BOOKMARK [1][-]{section.2}{Why play Tankfei}{}% 2
\BOOKMARK [2][-]{subsection.2.1}{Pros}{section.2}% 3
\BOOKMARK [2][-]{subsection.2.2}{Cons}{section.2}% 4
\BOOKMARK [1][-]{section.3}{Tankfei TLDR}{}% 5
\BOOKMARK [1][-]{section.4}{Character Overview}{}% 6
\BOOKMARK [2][-]{subsection.4.1}{Base Kit}{section.4}% 7
\BOOKMARK [2][-]{subsection.4.2}{Talents and Levels}{section.4}% 8
\BOOKMARK [2][-]{subsection.4.3}{Constellations}{section.4}% 9
\BOOKMARK [1][-]{section.5}{Playstyles}{}% 10
\BOOKMARK [2][-]{subsection.5.1}{General Principles}{section.5}% 11
\BOOKMARK [2][-]{subsection.5.2}{Skill Order}{section.5}% 12
\BOOKMARK [2][-]{subsection.5.3}{Double Signed Edict}{section.5}% 13
\BOOKMARK [1][-]{section.6}{Weapons}{}% 14
\BOOKMARK [1][-]{section.7}{Artifacts}{}% 15
\BOOKMARK [2][-]{subsection.7.1}{Artefact Main Stats}{section.7}% 16
\BOOKMARK [2][-]{subsection.7.2}{Artefact Substat}{section.7}% 17
\BOOKMARK [2][-]{subsection.7.3}{Artefact Set}{section.7}% 18
\BOOKMARK [1][-]{section.8}{Team Compositions}{}% 19
\BOOKMARK [2][-]{subsection.8.1}{Hu Tao Teams}{section.8}% 20
\BOOKMARK [2][-]{subsection.8.2}{Yoimiya Teams}{section.8}% 21
\BOOKMARK [2][-]{subsection.8.3}{Bennett Teams}{section.8}% 22
\BOOKMARK [1][-]{section.9}{Acknowledgements}{}% 23
