This is pdfTeX, Version 3.14159265-2.6-1.40.20 (MiKTeX 2.9.7250 64-bit) (preloaded format=pdflatex 2022.6.26)  23 NOV 2022 14:47
entering extended mode
**c:/Users/Bon-Bon/Documents/Ongoing/Ongoing/Tankfei.tex
(c:/Users/Bon-Bon/Documents/Ongoing/Ongoing/Tankfei.tex
LaTeX2e <2019-10-01> patch level 3
("C:\Program Files\MiKTeX 2.9\tex/latex/base\article.cls"
Document Class: article 2019/10/25 v1.4k Standard LaTeX document class
("C:\Program Files\MiKTeX 2.9\tex/latex/base\size11.clo"
File: size11.clo 2019/10/25 v1.4k Standard LaTeX file (size option)
)
\c@part=\count80
\c@section=\count81
\c@subsection=\count82
\c@subsubsection=\count83
\c@paragraph=\count84
\c@subparagraph=\count85
\c@figure=\count86
\c@table=\count87
\abovecaptionskip=\skip41
\belowcaptionskip=\skip42
\bibindent=\dimen102
) (C:\Users\Bon-Bon\AppData\Roaming\MiKTeX\2.9\tex/latex/titlesec\titlesec.sty
Package: titlesec 2021/07/05 v2.14 Sectioning titles
\ttl@box=\box27
\beforetitleunit=\skip43
\aftertitleunit=\skip44
\ttl@plus=\dimen103
\ttl@minus=\dimen104
\ttl@toksa=\toks14
\titlewidth=\dimen105
\titlewidthlast=\dimen106
\titlewidthfirst=\dimen107
) ("C:\Program Files\MiKTeX 2.9\tex/generic/babel\babel.sty"
Package: babel 2019/11/14 3.36 The Babel package
 ("C:\Program Files\MiKTeX 2.9\tex/generic/babel\switch.def"
File: switch.def 2019/11/14 3.36 Babel switching mechanism
)
*************************************
* Local config file bblopts.cfg used
*
(C:\Users\Bon-Bon\AppData\Roaming\MiKTeX\2.9\tex/latex/arabi\bblopts.cfg
File: bblopts.cfg 2005/09/08 v0.1 add Arabic and Farsi to "declared" options of babel
) ("C:\Program Files\MiKTeX 2.9\tex/latex/babel-english\english.ldf"
Language: english 2017/06/06 v3.3r English support from the babel system
 ("C:\Program Files\MiKTeX 2.9\tex/generic/babel\babel.def"
File: babel.def 2019/11/14 3.36 Babel common definitions
\babel@savecnt=\count88
\U@D=\dimen108
 ("C:\Program Files\MiKTeX 2.9\tex/generic/babel\txtbabel.def")
\bbl@dirlevel=\count89
)
Package babel Info: \l@canadian = using hyphenrules for english
(babel)             (\language0) on input line 102.
Package babel Info: \l@australian = using hyphenrules for ukenglish
(babel)             (\language76) on input line 105.
Package babel Info: \l@newzealand = using hyphenrules for ukenglish
(babel)             (\language76) on input line 108.
)) (C:\Users\Bon-Bon\AppData\Roaming\MiKTeX\2.9\tex/latex/parskip\parskip.sty
Package: parskip 2021-03-14 v2.0h non-zero parskip adjustments
 ("C:\Program Files\MiKTeX 2.9\tex/latex/oberdiek\kvoptions.sty"
Package: kvoptions 2016/05/16 v3.12 Key value format for package options (HO)
 ("C:\Program Files\MiKTeX 2.9\tex/latex/graphics\keyval.sty"
Package: keyval 2014/10/28 v1.15 key=value parser (DPC)
\KV@toks@=\toks15
) ("C:\Program Files\MiKTeX 2.9\tex/generic/oberdiek\ltxcmds.sty"
Package: ltxcmds 2016/05/16 v1.23 LaTeX kernel commands for general use (HO)
) ("C:\Program Files\MiKTeX 2.9\tex/generic/oberdiek\kvsetkeys.sty"
Package: kvsetkeys 2016/05/16 v1.17 Key value parser (HO)
 ("C:\Program Files\MiKTeX 2.9\tex/generic/oberdiek\infwarerr.sty"
Package: infwarerr 2016/05/16 v1.4 Providing info/warning/error messages (HO)
) ("C:\Program Files\MiKTeX 2.9\tex/generic/oberdiek\etexcmds.sty"
Package: etexcmds 2016/05/16 v1.6 Avoid name clashes with e-TeX commands (HO)
 ("C:\Program Files\MiKTeX 2.9\tex/generic/iftex\ifluatex.sty"
Package: ifluatex 2019/10/25 v1.5 ifluatex legacy package. Use iftex instead.
 ("C:\Program Files\MiKTeX 2.9\tex/generic/iftex\iftex.sty"
Package: iftex 2019/11/07 v1.0c TeX engine tests
))))) (C:\Users\Bon-Bon\AppData\Roaming\MiKTeX\2.9\tex/latex/etoolbox\etoolbox.sty
Package: etoolbox 2020/10/05 v2.5k e-TeX tools for LaTeX (JAW)
\etb@tempcnta=\count90
)) (C:\Users\Bon-Bon\AppData\Roaming\MiKTeX\2.9\tex/latex/xcolor\xcolor.sty
Package: xcolor 2021/10/31 v2.13 LaTeX color extensions (UK)
 ("C:\Program Files\MiKTeX 2.9\tex/latex/graphics-cfg\color.cfg"
File: color.cfg 2016/01/02 v1.6 sample color configuration
)
Package xcolor Info: Driver file: pdftex.def on input line 227.
 ("C:\Program Files\MiKTeX 2.9\tex/latex/graphics-def\pdftex.def"
File: pdftex.def 2018/01/08 v1.0l Graphics/color driver for pdftex
)
Package xcolor Info: Model `cmy' substituted by `cmy0' on input line 1352.
Package xcolor Info: Model `hsb' substituted by `rgb' on input line 1356.
Package xcolor Info: Model `RGB' extended on input line 1368.
Package xcolor Info: Model `HTML' substituted by `rgb' on input line 1370.
Package xcolor Info: Model `Hsb' substituted by `hsb' on input line 1371.
Package xcolor Info: Model `tHsb' substituted by `hsb' on input line 1372.
Package xcolor Info: Model `HSB' substituted by `hsb' on input line 1373.
Package xcolor Info: Model `Gray' substituted by `gray' on input line 1374.
Package xcolor Info: Model `wave' substituted by `hsb' on input line 1375.
) ("C:\Program Files\MiKTeX 2.9\tex/latex/graphics\graphicx.sty"
Package: graphicx 2017/06/01 v1.1a Enhanced LaTeX Graphics (DPC,SPQR)
 ("C:\Program Files\MiKTeX 2.9\tex/latex/graphics\graphics.sty"
Package: graphics 2019/11/01 v1.3d Standard LaTeX Graphics (DPC,SPQR)
 ("C:\Program Files\MiKTeX 2.9\tex/latex/graphics\trig.sty"
Package: trig 2016/01/03 v1.10 sin cos tan (DPC)
) ("C:\Program Files\MiKTeX 2.9\tex/latex/graphics-cfg\graphics.cfg"
File: graphics.cfg 2016/06/04 v1.11 sample graphics configuration
)
Package graphics Info: Driver file: pdftex.def on input line 105.
)
\Gin@req@height=\dimen109
\Gin@req@width=\dimen110
) (C:\Users\Bon-Bon\AppData\Roaming\MiKTeX\2.9\tex/latex/wrapfig\wrapfig.sty
\wrapoverhang=\dimen111
\WF@size=\dimen112
\c@WF@wrappedlines=\count91
\WF@box=\box28
\WF@everypar=\toks16
Package: wrapfig 2003/01/31  v 3.6
) ("C:\Program Files\MiKTeX 2.9\tex/latex/tools\array.sty"
Package: array 2019/08/31 v2.4l Tabular extension package (FMi)
\col@sep=\dimen113
\ar@mcellbox=\box29
\extrarowheight=\dimen114
\NC@list=\toks17
\extratabsurround=\skip45
\backup@length=\skip46
\ar@cellbox=\box30
) ("C:\Program Files\MiKTeX 2.9\tex/latex/hyperref\hyperref.sty"
Package: hyperref 2019/11/10 v7.00c Hypertext links for LaTeX
 ("C:\Program Files\MiKTeX 2.9\tex/generic/oberdiek\pdftexcmds.sty"
Package: pdftexcmds 2019/07/25 v0.30 Utility functions of pdfTeX for LuaTeX (HO)
 ("C:\Program Files\MiKTeX 2.9\tex/generic/iftex\ifpdf.sty"
Package: ifpdf 2019/10/25 v3.4 ifpdf legacy package. Use iftex instead.
)
Package pdftexcmds Info: LuaTeX not detected.
Package pdftexcmds Info: \pdf@primitive is available.
Package pdftexcmds Info: \pdf@ifprimitive is available.
Package pdftexcmds Info: \pdfdraftmode found.
) ("C:\Program Files\MiKTeX 2.9\tex/generic/oberdiek\kvdefinekeys.sty"
Package: kvdefinekeys 2016/05/16 v1.4 Define keys (HO)
) ("C:\Program Files\MiKTeX 2.9\tex/generic/oberdiek\pdfescape.sty"
Package: pdfescape 2016/05/16 v1.14 Implements pdfTeX's escape features (HO)
) ("C:\Program Files\MiKTeX 2.9\tex/latex/oberdiek\hycolor.sty"
Package: hycolor 2016/05/16 v1.8 Color options for hyperref/bookmark (HO)
 ("C:\Program Files\MiKTeX 2.9\tex/latex/oberdiek\xcolor-patch.sty"
Package: xcolor-patch 2016/05/16 xcolor patch
 ("C:\Program Files\MiKTeX 2.9\tex/latex/oberdiek\hopatch.sty"
Package: hopatch 2016/05/16 v1.3 Wrapper for package hooks (HO)
))) ("C:\Program Files\MiKTeX 2.9\tex/latex/oberdiek\letltxmacro.sty"
Package: letltxmacro 2016/05/16 v1.5 Let assignment for LaTeX macros (HO)
) ("C:\Program Files\MiKTeX 2.9\tex/latex/oberdiek\auxhook.sty"
Package: auxhook 2016/05/16 v1.4 Hooks for auxiliary files (HO)
)
\@linkdim=\dimen115
\Hy@linkcounter=\count92
\Hy@pagecounter=\count93
 ("C:\Program Files\MiKTeX 2.9\tex/latex/hyperref\pd1enc.def"
File: pd1enc.def 2019/11/10 v7.00c Hyperref: PDFDocEncoding definition (HO)
Now handling font encoding PD1 ...
... no UTF-8 mapping file for font encoding PD1
) ("C:\Program Files\MiKTeX 2.9\tex/generic/oberdiek\intcalc.sty"
Package: intcalc 2016/05/16 v1.2 Expandable calculations with integers (HO)
)
\Hy@SavedSpaceFactor=\count94
 ("C:\Program Files\MiKTeX 2.9\tex/latex/00miktex\hyperref.cfg"
File: hyperref.cfg 2002/06/06 v1.2 hyperref configuration of TeXLive
)
Package hyperref Info: Hyper figures OFF on input line 4535.
Package hyperref Info: Link nesting OFF on input line 4540.
Package hyperref Info: Hyper index ON on input line 4543.
Package hyperref Info: Plain pages OFF on input line 4550.
Package hyperref Info: Backreferencing OFF on input line 4555.
Package hyperref Info: Implicit mode ON; LaTeX internals redefined.
Package hyperref Info: Bookmarks ON on input line 4788.
\c@Hy@tempcnt=\count95
 (C:\Users\Bon-Bon\AppData\Roaming\MiKTeX\2.9\tex/latex/url\url.sty
\Urlmuskip=\muskip10
Package: url 2013/09/16  ver 3.4  Verb mode for urls, etc.
)
LaTeX Info: Redefining \url on input line 5147.
\XeTeXLinkMargin=\dimen116
 ("C:\Program Files\MiKTeX 2.9\tex/generic/oberdiek\bitset.sty"
Package: bitset 2016/05/16 v1.2 Handle bit-vector datatype (HO)
 ("C:\Program Files\MiKTeX 2.9\tex/generic/oberdiek\bigintcalc.sty"
Package: bigintcalc 2016/05/16 v1.4 Expandable calculations on big integers (HO)
))
\Fld@menulength=\count96
\Field@Width=\dimen117
\Fld@charsize=\dimen118
Package hyperref Info: Hyper figures OFF on input line 6418.
Package hyperref Info: Link nesting OFF on input line 6423.
Package hyperref Info: Hyper index ON on input line 6426.
Package hyperref Info: backreferencing OFF on input line 6433.
Package hyperref Info: Link coloring OFF on input line 6438.
Package hyperref Info: Link coloring with OCG OFF on input line 6443.
Package hyperref Info: PDF/A mode OFF on input line 6448.
LaTeX Info: Redefining \ref on input line 6488.
LaTeX Info: Redefining \pageref on input line 6492.
 ("C:\Program Files\MiKTeX 2.9\tex/generic/oberdiek\atbegshi.sty"
Package: atbegshi 2016/06/09 v1.18 At begin shipout hook (HO)
)
\Hy@abspage=\count97
\c@Item=\count98
\c@Hfootnote=\count99
)
Package hyperref Info: Driver (autodetected): hpdftex.
 ("C:\Program Files\MiKTeX 2.9\tex/latex/hyperref\hpdftex.def"
File: hpdftex.def 2019/11/10 v7.00c Hyperref driver for pdfTeX
 ("C:\Program Files\MiKTeX 2.9\tex/latex/oberdiek\atveryend.sty"
Package: atveryend 2016/05/16 v1.9 Hooks at the very end of document (HO)
)
\Fld@listcount=\count100
\c@bookmark@seq@number=\count101
 ("C:\Program Files\MiKTeX 2.9\tex/latex/oberdiek\rerunfilecheck.sty"
Package: rerunfilecheck 2016/05/16 v1.8 Rerun checks for auxiliary files (HO)
 ("C:\Program Files\MiKTeX 2.9\tex/generic/oberdiek\uniquecounter.sty"
Package: uniquecounter 2016/05/16 v1.3 Provide unlimited unique counter (HO)
)
Package uniquecounter Info: New unique counter `rerunfilecheck' on input line 282.
)
\Hy@SectionHShift=\skip47
)
Package hyperref Info: Option `colorlinks' set `true' on input line 16.
\GPT@outputbox=\box31
 (Tankfei.aux)
\openout1 = `Tankfei.aux'.

LaTeX Font Info:    Checking defaults for OML/cmm/m/it on input line 27.
LaTeX Font Info:    ... okay on input line 27.
LaTeX Font Info:    Checking defaults for T1/cmr/m/n on input line 27.
LaTeX Font Info:    ... okay on input line 27.
LaTeX Font Info:    Checking defaults for OT1/cmr/m/n on input line 27.
LaTeX Font Info:    ... okay on input line 27.
LaTeX Font Info:    Checking defaults for OMS/cmsy/m/n on input line 27.
LaTeX Font Info:    ... okay on input line 27.
LaTeX Font Info:    Checking defaults for OMX/cmex/m/n on input line 27.
LaTeX Font Info:    ... okay on input line 27.
LaTeX Font Info:    Checking defaults for U/cmr/m/n on input line 27.
LaTeX Font Info:    ... okay on input line 27.
LaTeX Font Info:    Checking defaults for PD1/pdf/m/n on input line 27.
LaTeX Font Info:    ... okay on input line 27.
 (C:\Users\Bon-Bon\AppData\Roaming\MiKTeX\2.9\tex/context/base/mkii\supp-pdf.mkii
[Loading MPS to PDF converter (version 2006.09.02).]
\scratchcounter=\count102
\scratchdimen=\dimen119
\scratchbox=\box32
\nofMPsegments=\count103
\nofMParguments=\count104
\everyMPshowfont=\toks18
\MPscratchCnt=\count105
\MPscratchDim=\dimen120
\MPnumerator=\count106
\makeMPintoPDFobject=\count107
\everyMPtoPDFconversion=\toks19
) ("C:\Program Files\MiKTeX 2.9\tex/latex/oberdiek\epstopdf-base.sty"
Package: epstopdf-base 2016/05/15 v2.6 Base part for package epstopdf
 ("C:\Program Files\MiKTeX 2.9\tex/latex/oberdiek\grfext.sty"
Package: grfext 2016/05/16 v1.2 Manage graphics extensions (HO)
)
Package epstopdf-base Info: Redefining graphics rule for `.eps' on input line 438.
Package grfext Info: Graphics extension search list:
(grfext)             [.pdf,.png,.jpg,.mps,.jpeg,.jbig2,.jb2,.PDF,.PNG,.JPG,.JPEG,.JBIG2,.JB2,.eps]
(grfext)             \AppendGraphicsExtensions on input line 456.
)
\AtBeginShipoutBox=\box33
Package hyperref Info: Link coloring ON on input line 27.
 ("C:\Program Files\MiKTeX 2.9\tex/latex/hyperref\nameref.sty"
Package: nameref 2019/09/16 v2.46 Cross-referencing by name of section
 ("C:\Program Files\MiKTeX 2.9\tex/latex/oberdiek\refcount.sty"
Package: refcount 2016/05/16 v3.5 Data extraction from label references (HO)
) ("C:\Program Files\MiKTeX 2.9\tex/generic/oberdiek\gettitlestring.sty"
Package: gettitlestring 2016/05/16 v1.5 Cleanup title references (HO)
)
\c@section@level=\count108
)
LaTeX Info: Redefining \ref on input line 27.
LaTeX Info: Redefining \pageref on input line 27.
LaTeX Info: Redefining \nameref on input line 27.
 (Tankfei.out) (Tankfei.out)
\@outlinefile=\write3
\openout3 = `Tankfei.out'.

<./Images/YanfeiPixel.png, id=95, 155.3805pt x 224.63925pt>
File: ./Images/YanfeiPixel.png Graphic file (type png)
<use ./Images/YanfeiPixel.png>
Package pdftex.def Info: ./Images/YanfeiPixel.png  used on input line 34.
(pdftex.def)             Requested size: 225.30066pt x 325.7254pt.
LaTeX Font Info:    External font `cmex10' loaded for size
(Font)              <12> on input line 34.
LaTeX Font Info:    External font `cmex10' loaded for size
(Font)              <8> on input line 34.
LaTeX Font Info:    External font `cmex10' loaded for size
(Font)              <6> on input line 34.
 [1

{C:/Users/Bon-Bon/AppData/Local/MiKTeX/2.9/pdftex/config/pdftex.map} <./Images/YanfeiPixel.png>] (Tankfei.toc
LaTeX Font Info:    External font `cmex10' loaded for size
(Font)              <10.95> on input line 4.
)
\tf@toc=\write4
\openout4 = `Tankfei.toc'.

 [2] [3]
<./Images/Tankfei.png, id=139, 1408.26125pt x 995.72pt>
File: ./Images/Tankfei.png Graphic file (type png)
<use ./Images/Tankfei.png>
Package pdftex.def Info: ./Images/Tankfei.png  used on input line 86.
(pdftex.def)             Requested size: 330.94144pt x 233.99423pt.
 [4 <./Images/Tankfei.png>]
<./Images/NormalAttack.png, id=145, 128.48pt x 128.48pt>
File: ./Images/NormalAttack.png Graphic file (type png)
<use ./Images/NormalAttack.png>
Package pdftex.def Info: ./Images/NormalAttack.png  used on input line 97.
(pdftex.def)             Requested size: 34.69005pt x 34.69005pt.
<./Images/ElementalSkill.png, id=146, 128.48pt x 128.48pt>
File: ./Images/ElementalSkill.png Graphic file (type png)
<use ./Images/ElementalSkill.png>
Package pdftex.def Info: ./Images/ElementalSkill.png  used on input line 101.
(pdftex.def)             Requested size: 34.69005pt x 34.69005pt.
<./Images/ElementalBurst.png, id=147, 128.48pt x 128.48pt>
File: ./Images/ElementalBurst.png Graphic file (type png)
<use ./Images/ElementalBurst.png>
Package pdftex.def Info: ./Images/ElementalBurst.png  used on input line 105.
(pdftex.def)             Requested size: 34.69005pt x 34.69005pt.
<./Images/Ascension1_Greyscale.png, id=148, 128.48pt x 128.48pt>
File: ./Images/Ascension1_Greyscale.png Graphic file (type png)
<use ./Images/Ascension1_Greyscale.png>
Package pdftex.def Info: ./Images/Ascension1_Greyscale.png  used on input line 109.
(pdftex.def)             Requested size: 34.69005pt x 34.69005pt.
<./Images/Ascension4_Greyscale.png, id=149, 128.48pt x 128.48pt>
File: ./Images/Ascension4_Greyscale.png Graphic file (type png)
<use ./Images/Ascension4_Greyscale.png>
Package pdftex.def Info: ./Images/Ascension4_Greyscale.png  used on input line 113.
(pdftex.def)             Requested size: 34.69005pt x 34.69005pt.
<./Images/Passive.png, id=150, 128.48pt x 128.48pt>
File: ./Images/Passive.png Graphic file (type png)
<use ./Images/Passive.png>
Package pdftex.def Info: ./Images/Passive.png  used on input line 117.
(pdftex.def)             Requested size: 34.69005pt x 34.69005pt.
 [5 <./Images/NormalAttack.png> <./Images/ElementalSkill.png> <./Images/ElementalBurst.png> <./Images/Ascension1_Greyscale.png> <./Images/Ascension4_Greyscale.png> <./Images/Passive.png>]
<./Images/Constellation1_Greyscale.png, id=162, 128.48pt x 128.48pt>
File: ./Images/Constellation1_Greyscale.png Graphic file (type png)
<use ./Images/Constellation1_Greyscale.png>
Package pdftex.def Info: ./Images/Constellation1_Greyscale.png  used on input line 132.
(pdftex.def)             Requested size: 34.69005pt x 34.69005pt.
<./Images/Constellation2.png, id=163, 128.48pt x 128.48pt>
File: ./Images/Constellation2.png Graphic file (type png)
<use ./Images/Constellation2.png>
Package pdftex.def Info: ./Images/Constellation2.png  used on input line 136.
(pdftex.def)             Requested size: 34.69005pt x 34.69005pt.
<./Images/Constellation3_Greyscale.png, id=164, 128.48pt x 128.48pt>
File: ./Images/Constellation3_Greyscale.png Graphic file (type png)
<use ./Images/Constellation3_Greyscale.png>
Package pdftex.def Info: ./Images/Constellation3_Greyscale.png  used on input line 140.
(pdftex.def)             Requested size: 34.69005pt x 34.69005pt.
<./Images/Constellation4.png, id=165, 128.48pt x 128.48pt>
File: ./Images/Constellation4.png Graphic file (type png)
<use ./Images/Constellation4.png>
Package pdftex.def Info: ./Images/Constellation4.png  used on input line 144.
(pdftex.def)             Requested size: 34.69005pt x 34.69005pt.
<./Images/Constellation5_Greyscale.png, id=166, 128.48pt x 128.48pt>
File: ./Images/Constellation5_Greyscale.png Graphic file (type png)
<use ./Images/Constellation5_Greyscale.png>
Package pdftex.def Info: ./Images/Constellation5_Greyscale.png  used on input line 148.
(pdftex.def)             Requested size: 34.69005pt x 34.69005pt.
<./Images/Constellation6.png, id=167, 128.48pt x 128.48pt>
File: ./Images/Constellation6.png Graphic file (type png)
<use ./Images/Constellation6.png>
Package pdftex.def Info: ./Images/Constellation6.png  used on input line 152.
(pdftex.def)             Requested size: 34.69005pt x 34.69005pt.
 [6 <./Images/Constellation1_Greyscale.png> <./Images/Constellation2.png> <./Images/Constellation3_Greyscale.png> <./Images/Constellation4.png> <./Images/Constellation5_Greyscale.png> <./Images/Constellation6.png>]
<./Images/Flowchart.png, id=180, 1185.42876pt x 616.3025pt>
File: ./Images/Flowchart.png Graphic file (type png)
<use ./Images/Flowchart.png>
Package pdftex.def Info: ./Images/Flowchart.png  used on input line 181.
(pdftex.def)             Requested size: 275.60933pt x 143.28885pt.
 [7 <./Images/Flowchart.png>] [8]
<./Images/WeaponPrototypeAmber.png, id=191, 256.96pt x 256.96pt>
File: ./Images/WeaponPrototypeAmber.png Graphic file (type png)
<use ./Images/WeaponPrototypeAmber.png>
Package pdftex.def Info: ./Images/WeaponPrototypeAmber.png  used on input line 210.
(pdftex.def)             Requested size: 46.2508pt x 46.2508pt.
<./Images/WeaponThrillingTalesofDragonSlayers.png, id=192, 256.96pt x 256.96pt>
File: ./Images/WeaponThrillingTalesofDragonSlayers.png Graphic file (type png)
<use ./Images/WeaponThrillingTalesofDragonSlayers.png>
Package pdftex.def Info: ./Images/WeaponThrillingTalesofDragonSlayers.png  used on input line 211.
(pdftex.def)             Requested size: 46.2508pt x 46.2508pt.
<./Images/WeaponFavoniusCodex.png, id=193, 256.96pt x 256.96pt>
File: ./Images/WeaponFavoniusCodex.png Graphic file (type png)
<use ./Images/WeaponFavoniusCodex.png>
Package pdftex.def Info: ./Images/WeaponFavoniusCodex.png  used on input line 212.
(pdftex.def)             Requested size: 46.2508pt x 46.2508pt.
<./Images/WeaponFruitofFulfillment.png, id=194, 256.96pt x 256.96pt>
File: ./Images/WeaponFruitofFulfillment.png Graphic file (type png)
<use ./Images/WeaponFruitofFulfillment.png>
Package pdftex.def Info: ./Images/WeaponFruitofFulfillment.png  used on input line 213.
(pdftex.def)             Requested size: 46.2508pt x 46.2508pt.
 [9 <./Images/WeaponPrototypeAmber.png> <./Images/WeaponThrillingTalesofDragonSlayers.png> <./Images/WeaponFavoniusCodex.png> <./Images/WeaponFruitofFulfillment.png>]
<./Images/4NoblesseOblige - Copy2.png, id=204, 91.34125pt x 91.34125pt>
File: ./Images/4NoblesseOblige - Copy2.png Graphic file (type png)
<use ./Images/4NoblesseOblige - Copy2.png>
Package pdftex.def Info: ./Images/4NoblesseOblige - Copy2.png  used on input line 268.
(pdftex.def)             Requested size: 46.5834pt x 46.5834pt.
<./Images/2Ten2Emblem.png, id=206, 68.50594pt x 68.50594pt>
File: ./Images/2Ten2Emblem.png Graphic file (type png)
<use ./Images/2Ten2Emblem.png>
Package pdftex.def Info: ./Images/2Ten2Emblem.png  used on input line 269.
(pdftex.def)             Requested size: 47.26913pt x 47.26913pt.
 [10] [11 <./Images/4NoblesseOblige - Copy2.png> <./Images/2Ten2Emblem.png>]
<./Images/Character_Amber.png, id=221, 256.96pt x 256.96pt>
File: ./Images/Character_Amber.png Graphic file (type png)
<use ./Images/Character_Amber.png>
Package pdftex.def Info: ./Images/Character_Amber.png  used on input line 299.
(pdftex.def)             Requested size: 64.23984pt x 64.23984pt.
<./Images/Character_Thoma.png, id=222, 256.96pt x 256.96pt>
File: ./Images/Character_Thoma.png Graphic file (type png)
<use ./Images/Character_Thoma.png>
Package pdftex.def Info: ./Images/Character_Thoma.png  used on input line 300.
(pdftex.def)             Requested size: 64.23984pt x 64.23984pt.
<./Images/Character_Xinyan.png, id=223, 256.96pt x 256.96pt>
File: ./Images/Character_Xinyan.png Graphic file (type png)
<use ./Images/Character_Xinyan.png>
Package pdftex.def Info: ./Images/Character_Xinyan.png  used on input line 301.
(pdftex.def)             Requested size: 64.23984pt x 64.23984pt.
<./Images/Character_Diluc.png, id=224, 256.96pt x 256.96pt>
File: ./Images/Character_Diluc.png Graphic file (type png)
<use ./Images/Character_Diluc.png>
Package pdftex.def Info: ./Images/Character_Diluc.png  used on input line 308.
(pdftex.def)             Requested size: 64.23984pt x 64.23984pt.
<./Images/Character_Klee.png, id=225, 256.96pt x 256.96pt>
File: ./Images/Character_Klee.png Graphic file (type png)
<use ./Images/Character_Klee.png>
Package pdftex.def Info: ./Images/Character_Klee.png  used on input line 309.
(pdftex.def)             Requested size: 64.23984pt x 64.23984pt.
<./Images/Character_Xiangling.png, id=226, 256.96pt x 256.96pt>
File: ./Images/Character_Xiangling.png Graphic file (type png)
<use ./Images/Character_Xiangling.png>
Package pdftex.def Info: ./Images/Character_Xiangling.png  used on input line 310.
(pdftex.def)             Requested size: 64.23984pt x 64.23984pt.
 [12 <./Images/Character_Amber.png> <./Images/Character_Thoma.png> <./Images/Character_Xinyan.png> <./Images/Character_Diluc.png> <./Images/Character_Klee.png> <./Images/Character_Xiangling.png>]
<./Images/Character_Hu_Tao.png, id=237, 256.96pt x 256.96pt>
File: ./Images/Character_Hu_Tao.png Graphic file (type png)
<use ./Images/Character_Hu_Tao.png>
Package pdftex.def Info: ./Images/Character_Hu_Tao.png  used on input line 325.
(pdftex.def)             Requested size: 64.23984pt x 64.23984pt.
<./Images/Character_Xingqiu.png, id=238, 256.96pt x 256.96pt>
File: ./Images/Character_Xingqiu.png Graphic file (type png)
<use ./Images/Character_Xingqiu.png>
Package pdftex.def Info: ./Images/Character_Xingqiu.png  used on input line 325.
(pdftex.def)             Requested size: 64.23984pt x 64.23984pt.
<./Images/Element_Anemo.png, id=239, 394.47375pt x 394.47375pt>
File: ./Images/Element_Anemo.png Graphic file (type png)
<use ./Images/Element_Anemo.png>
Package pdftex.def Info: ./Images/Element_Anemo.png  used on input line 325.
(pdftex.def)             Requested size: 74.95079pt x 74.95079pt.
<./Images/Character_Yanfei.png, id=240, 256.96pt x 256.96pt>
File: ./Images/Character_Yanfei.png Graphic file (type png)
<use ./Images/Character_Yanfei.png>
Package pdftex.def Info: ./Images/Character_Yanfei.png  used on input line 325.
(pdftex.def)             Requested size: 64.23984pt x 64.23984pt.
LaTeX Font Info:    Trying to load font information for OMS+cmr on input line 351.
 ("C:\Program Files\MiKTeX 2.9\tex/latex/base\omscmr.fd"
File: omscmr.fd 2014/09/29 v2.5h Standard LaTeX font definitions
)
LaTeX Font Info:    Font shape `OMS/cmr/m/n' in size <10.95> not available
(Font)              Font shape `OMS/cmsy/m/n' tried instead on input line 351.
 [13 <./Images/Character_Hu_Tao.png> <./Images/Character_Xingqiu.png> <./Images/Element_Anemo.png> <./Images/Character_Yanfei.png>]
<./Images/Character_Yoimiya.png, id=251, 256.96pt x 256.96pt>
File: ./Images/Character_Yoimiya.png Graphic file (type png)
<use ./Images/Character_Yoimiya.png>
Package pdftex.def Info: ./Images/Character_Yoimiya.png  used on input line 373.
(pdftex.def)             Requested size: 64.23984pt x 64.23984pt.
<./Images/Character_Yelan.png, id=252, 256.96pt x 256.96pt>
File: ./Images/Character_Yelan.png Graphic file (type png)
<use ./Images/Character_Yelan.png>
Package pdftex.def Info: ./Images/Character_Yelan.png  used on input line 373.
(pdftex.def)             Requested size: 64.23984pt x 64.23984pt.
<./Images/Character_Fischl.png, id=253, 256.96pt x 256.96pt>
File: ./Images/Character_Fischl.png Graphic file (type png)
<use ./Images/Character_Fischl.png>
Package pdftex.def Info: ./Images/Character_Fischl.png  used on input line 373.
(pdftex.def)             Requested size: 64.23984pt x 64.23984pt.
File: ./Images/Character_Yanfei.png Graphic file (type png)
<use ./Images/Character_Yanfei.png>
Package pdftex.def Info: ./Images/Character_Yanfei.png  used on input line 373.
(pdftex.def)             Requested size: 64.23984pt x 64.23984pt.
 [14 <./Images/Character_Yoimiya.png> <./Images/Character_Yelan.png> <./Images/Character_Fischl.png>]
File: ./Images/Character_Yoimiya.png Graphic file (type png)
<use ./Images/Character_Yoimiya.png>
Package pdftex.def Info: ./Images/Character_Yoimiya.png  used on input line 415.
(pdftex.def)             Requested size: 64.23984pt x 64.23984pt.
File: ./Images/Character_Yelan.png Graphic file (type png)
<use ./Images/Character_Yelan.png>
Package pdftex.def Info: ./Images/Character_Yelan.png  used on input line 415.
(pdftex.def)             Requested size: 64.23984pt x 64.23984pt.
File: ./Images/Element_Anemo.png Graphic file (type png)
<use ./Images/Element_Anemo.png>
Package pdftex.def Info: ./Images/Element_Anemo.png  used on input line 415.
(pdftex.def)             Requested size: 74.95079pt x 74.95079pt.
File: ./Images/Character_Yanfei.png Graphic file (type png)
<use ./Images/Character_Yanfei.png>
Package pdftex.def Info: ./Images/Character_Yanfei.png  used on input line 415.
(pdftex.def)             Requested size: 64.23984pt x 64.23984pt.
 [15]
File: ./Images/Character_Yoimiya.png Graphic file (type png)
<use ./Images/Character_Yoimiya.png>
Package pdftex.def Info: ./Images/Character_Yoimiya.png  used on input line 463.
(pdftex.def)             Requested size: 64.23984pt x 64.23984pt.
File: ./Images/Character_Yelan.png Graphic file (type png)
<use ./Images/Character_Yelan.png>
Package pdftex.def Info: ./Images/Character_Yelan.png  used on input line 463.
(pdftex.def)             Requested size: 64.23984pt x 64.23984pt.
<./Images/Character_Yun_Jin.png, id=265, 256.96pt x 256.96pt>
File: ./Images/Character_Yun_Jin.png Graphic file (type png)
<use ./Images/Character_Yun_Jin.png>
Package pdftex.def Info: ./Images/Character_Yun_Jin.png  used on input line 463.
(pdftex.def)             Requested size: 64.23984pt x 64.23984pt.
File: ./Images/Character_Yanfei.png Graphic file (type png)
<use ./Images/Character_Yanfei.png>
Package pdftex.def Info: ./Images/Character_Yanfei.png  used on input line 463.
(pdftex.def)             Requested size: 64.23984pt x 64.23984pt.
File: ./Images/Character_Yoimiya.png Graphic file (type png)
<use ./Images/Character_Yoimiya.png>
Package pdftex.def Info: ./Images/Character_Yoimiya.png  used on input line 469.
(pdftex.def)             Requested size: 64.23984pt x 64.23984pt.
File: ./Images/Character_Yelan.png Graphic file (type png)
<use ./Images/Character_Yelan.png>
Package pdftex.def Info: ./Images/Character_Yelan.png  used on input line 469.
(pdftex.def)             Requested size: 64.23984pt x 64.23984pt.
<./Images/Character_Candace.png, id=266, 256.96pt x 256.96pt>
File: ./Images/Character_Candace.png Graphic file (type png)
<use ./Images/Character_Candace.png>
Package pdftex.def Info: ./Images/Character_Candace.png  used on input line 469.
(pdftex.def)             Requested size: 64.23984pt x 64.23984pt.
File: ./Images/Character_Yanfei.png Graphic file (type png)
<use ./Images/Character_Yanfei.png>
Package pdftex.def Info: ./Images/Character_Yanfei.png  used on input line 469.
(pdftex.def)             Requested size: 64.23984pt x 64.23984pt.
 [16 <./Images/Character_Yun_Jin.png> <./Images/Character_Candace.png>]
<./Images/Character_Ganyu.png, id=273, 256.96pt x 256.96pt>
File: ./Images/Character_Ganyu.png Graphic file (type png)
<use ./Images/Character_Ganyu.png>
Package pdftex.def Info: ./Images/Character_Ganyu.png  used on input line 517.
(pdftex.def)             Requested size: 64.23984pt x 64.23984pt.
File: ./Images/Character_Xiangling.png Graphic file (type png)
<use ./Images/Character_Xiangling.png>
Package pdftex.def Info: ./Images/Character_Xiangling.png  used on input line 517.
(pdftex.def)             Requested size: 64.23984pt x 64.23984pt.
<./Images/Character_Bennett.png, id=274, 256.96pt x 256.96pt>
File: ./Images/Character_Bennett.png Graphic file (type png)
<use ./Images/Character_Bennett.png>
Package pdftex.def Info: ./Images/Character_Bennett.png  used on input line 517.
(pdftex.def)             Requested size: 64.23984pt x 64.23984pt.
File: ./Images/Character_Yanfei.png Graphic file (type png)
<use ./Images/Character_Yanfei.png>
Package pdftex.def Info: ./Images/Character_Yanfei.png  used on input line 517.
(pdftex.def)             Requested size: 64.23984pt x 64.23984pt.
 [17 <./Images/Character_Ganyu.png> <./Images/Character_Bennett.png>]
<./Images/Character_Xiao.png, id=281, 256.96pt x 256.96pt>
File: ./Images/Character_Xiao.png Graphic file (type png)
<use ./Images/Character_Xiao.png>
Package pdftex.def Info: ./Images/Character_Xiao.png  used on input line 561.
(pdftex.def)             Requested size: 64.23984pt x 64.23984pt.
<./Images/Character_Raiden_Shogun.png, id=282, 256.96pt x 256.96pt>
File: ./Images/Character_Raiden_Shogun.png Graphic file (type png)
<use ./Images/Character_Raiden_Shogun.png>
Package pdftex.def Info: ./Images/Character_Raiden_Shogun.png  used on input line 561.
(pdftex.def)             Requested size: 64.23984pt x 64.23984pt.
File: ./Images/Character_Bennett.png Graphic file (type png)
<use ./Images/Character_Bennett.png>
Package pdftex.def Info: ./Images/Character_Bennett.png  used on input line 561.
(pdftex.def)             Requested size: 64.23984pt x 64.23984pt.
File: ./Images/Character_Yanfei.png Graphic file (type png)
<use ./Images/Character_Yanfei.png>
Package pdftex.def Info: ./Images/Character_Yanfei.png  used on input line 561.
(pdftex.def)             Requested size: 64.23984pt x 64.23984pt.
 [18 <./Images/Character_Xiao.png> <./Images/Character_Raiden_Shogun.png>]
<./Images/Character_Barbara.png, id=289, 256.96pt x 256.96pt>
File: ./Images/Character_Barbara.png Graphic file (type png)
<use ./Images/Character_Barbara.png>
Package pdftex.def Info: ./Images/Character_Barbara.png  used on input line 603.
(pdftex.def)             Requested size: 64.23984pt x 64.23984pt.
<./Images/Character_Jean.png, id=290, 256.96pt x 256.96pt>
File: ./Images/Character_Jean.png Graphic file (type png)
<use ./Images/Character_Jean.png>
Package pdftex.def Info: ./Images/Character_Jean.png  used on input line 603.
(pdftex.def)             Requested size: 64.23984pt x 64.23984pt.
File: ./Images/Character_Bennett.png Graphic file (type png)
<use ./Images/Character_Bennett.png>
Package pdftex.def Info: ./Images/Character_Bennett.png  used on input line 603.
(pdftex.def)             Requested size: 64.23984pt x 64.23984pt.
File: ./Images/Character_Yanfei.png Graphic file (type png)
<use ./Images/Character_Yanfei.png>
Package pdftex.def Info: ./Images/Character_Yanfei.png  used on input line 603.
(pdftex.def)             Requested size: 64.23984pt x 64.23984pt.
 [19 <./Images/Character_Barbara.png> <./Images/Character_Jean.png>]
File: ./Images/Character_Barbara.png Graphic file (type png)
<use ./Images/Character_Barbara.png>
Package pdftex.def Info: ./Images/Character_Barbara.png  used on input line 643.
(pdftex.def)             Requested size: 64.23984pt x 64.23984pt.
File: ./Images/Character_Bennett.png Graphic file (type png)
<use ./Images/Character_Bennett.png>
Package pdftex.def Info: ./Images/Character_Bennett.png  used on input line 643.
(pdftex.def)             Requested size: 64.23984pt x 64.23984pt.
File: ./Images/Character_Xiangling.png Graphic file (type png)
<use ./Images/Character_Xiangling.png>
Package pdftex.def Info: ./Images/Character_Xiangling.png  used on input line 643.
(pdftex.def)             Requested size: 64.23984pt x 64.23984pt.
File: ./Images/Character_Yanfei.png Graphic file (type png)
<use ./Images/Character_Yanfei.png>
Package pdftex.def Info: ./Images/Character_Yanfei.png  used on input line 643.
(pdftex.def)             Requested size: 64.23984pt x 64.23984pt.
 [20]
Package atveryend Info: Empty hook `BeforeClearDocument' on input line 713.
 [21]
Package atveryend Info: Empty hook `AfterLastShipout' on input line 713.
 (Tankfei.aux)
Package atveryend Info: Executing hook `AtVeryEndDocument' on input line 713.
Package atveryend Info: Executing hook `AtEndAfterFileList' on input line 713.
Package rerunfilecheck Info: File `Tankfei.out' has not changed.
(rerunfilecheck)             Checksum: 6CD46922B480B3E1A6B9C505F0F2F645;1308.
 ) 
Here is how much of TeX's memory you used:
 7212 strings out of 492450
 108660 string characters out of 3129743
 213525 words of memory out of 3000000
 11371 multiletter control sequences out of 15000+200000
 9764 words of font info for 34 fonts, out of 3000000 for 9000
 1141 hyphenation exceptions out of 8191
 51i,13n,37p,1239b,333s stack positions out of 5000i,500n,10000p,200000b,50000s
<C:/Program Files/MiKTeX 2.9/fonts/type1/public/amsfonts/cm/cmbx10.pfb><C:/Program Files/MiKTeX 2.9/fonts/type1/public/amsfonts/cm/cmbx12.pfb><C:/Program Files/MiKTeX 2.9/fonts/type1/public/amsfonts/cm/cmmi10.pfb><C:/Program Files/MiKTeX 2.9/fonts/type1/public/amsfonts/cm/cmmi8.pfb><C:/Program Files/MiKTeX 2.9/fonts/type1/public/amsfonts/cm/cmr10.pfb><C:/Program Files/MiKTeX 2.9/fonts/type1/public/amsfonts/cm/cmr12.pfb><C:/Program Files/MiKTeX 2.9/fonts/type1/public/amsfonts/cm/cmr17.pfb><C:/Program Files/MiKTeX 2.9/fonts/type1/public/amsfonts/cm/cmsy10.pfb><C:/Program Files/MiKTeX 2.9/fonts/type1/public/amsfonts/cm/cmti10.pfb>
Output written on Tankfei.pdf (21 pages, 3318024 bytes).
PDF statistics:
 350 PDF objects out of 1000 (max. 8388607)
 45 named destinations out of 1000 (max. 500000)
 407 words of extra memory for PDF output out of 10000 (max. 10000000)

